Android Utility/app/build/intermediates/manifest_merge_blame_file/debug/manifest-merger-blame-debug-report.txt
1<?xml version="1.0" encoding="utf-8"?>
2<manifest xmlns:android="http://schemas.android.com/apk/res/android"
3    package="com.hrdijital.phonecall"
4    android:versionCode="1"
5    android:versionName="1.0" >
6
7    <uses-sdk
8        android:minSdkVersion="23"
8-->src/main/AndroidManifest.xml
9        android:targetSdkVersion="29" />
9-->src/main/AndroidManifest.xml
10    <!-- Dangerous Runtime Permissions. -->
11    <uses-feature android:name="android.hardware.camera" />
11-->src/main/AndroidManifest.xml:5:5-60
11-->src/main/AndroidManifest.xml:5:19-57
12    <uses-feature android:name="android.hardware.camera.autofocus" />
12-->src/main/AndroidManifest.xml:6:5-70
12-->src/main/AndroidManifest.xml:6:19-67
13    <uses-feature
13-->src/main/AndroidManifest.xml:7:5-78
14        android:glEsVersion="0x00020000"
14-->src/main/AndroidManifest.xml:7:19-51
15        android:required="true" />
15-->src/main/AndroidManifest.xml:7:52-75
16
17    <uses-permission android:name="android.permission.CAMERA" />
17-->src/main/AndroidManifest.xml:9:5-65
17-->src/main/AndroidManifest.xml:9:22-62
18    <uses-permission android:name="android.permission.RECORD_AUDIO" />
18-->src/main/AndroidManifest.xml:10:5-71
18-->src/main/AndroidManifest.xml:10:22-68
19    <uses-permission android:name="android.permission.MODIFY_AUDIO_SETTINGS" />
19-->src/main/AndroidManifest.xml:11:5-80
19-->src/main/AndroidManifest.xml:11:22-77
20    <uses-permission android:name="android.permission.WRITE_EXTERNAL_STORAGE" />
20-->src/main/AndroidManifest.xml:12:5-81
20-->src/main/AndroidManifest.xml:12:22-78
21    <uses-permission android:name="android.permission.READ_EXTERNAL_STORAGE" />
21-->src/main/AndroidManifest.xml:13:5-80
21-->src/main/AndroidManifest.xml:13:22-77
22    <!-- Normal android permissions. -->
23    <uses-permission android:name="android.permission.ACCESS_NETWORK_STATE" />
23-->src/main/AndroidManifest.xml:15:5-79
23-->src/main/AndroidManifest.xml:15:22-76
24    <uses-permission android:name="android.permission.INTERNET" />
24-->src/main/AndroidManifest.xml:16:5-67
24-->src/main/AndroidManifest.xml:16:22-64
25
26    <uses-feature android:name="android.hardware.camera.autofocus" />
26-->src/main/AndroidManifest.xml:6:5-70
26-->src/main/AndroidManifest.xml:6:19-67
27    <uses-feature android:name="android.hardware.camera" />
27-->src/main/AndroidManifest.xml:5:5-60
27-->src/main/AndroidManifest.xml:5:19-57
28
29    <application
29-->src/main/AndroidManifest.xml:21:5-35:19
30        android:allowBackup="true"
30-->src/main/AndroidManifest.xml:22:9-35
31        android:appComponentFactory="androidx.core.app.CoreComponentFactory"
31-->[androidx.core:core:1.1.0] AndroidManifest.xml:24:18-86
32        android:debuggable="true"
33        android:extractNativeLibs="false"
34        android:icon="@mipmap/ic_launcher"
34-->src/main/AndroidManifest.xml:23:9-43
35        android:label="@string/app_name"
35-->src/main/AndroidManifest.xml:24:9-41
36        android:roundIcon="@mipmap/ic_launcher_round"
36-->src/main/AndroidManifest.xml:25:9-54
37        android:supportsRtl="true"
37-->src/main/AndroidManifest.xml:26:9-35
38        android:testOnly="true"
39        android:theme="@style/AppTheme" >
39-->src/main/AndroidManifest.xml:27:9-40
40        <activity android:name="com.hrdijital.phonecall.MainActivity" >
40-->src/main/AndroidManifest.xml:28:9-34:20
40-->src/main/AndroidManifest.xml:28:19-47
41            <intent-filter>
41-->src/main/AndroidManifest.xml:29:13-33:29
42                <action android:name="android.intent.action.MAIN" />
42-->src/main/AndroidManifest.xml:30:17-69
42-->src/main/AndroidManifest.xml:30:25-66
43
44                <category android:name="android.intent.category.LAUNCHER" />
44-->src/main/AndroidManifest.xml:32:17-77
44-->src/main/AndroidManifest.xml:32:27-74
45            </intent-filter>
46        </activity>
47        <activity
47-->[gun0912.ted:tedpermission:2.2.2] AndroidManifest.xml:10:9-14:67
48            android:name="com.gun0912.tedpermission.TedPermissionActivity"
48-->[gun0912.ted:tedpermission:2.2.2] AndroidManifest.xml:11:13-75
49            android:configChanges="mcc|mnc|locale|keyboard|keyboardHidden|screenLayout|fontScale|uiMode|orientation|screenSize|layoutDirection"
49-->[gun0912.ted:tedpermission:2.2.2] AndroidManifest.xml:12:13-144
50            android:screenOrientation="unspecified"
50-->[gun0912.ted:tedpermission:2.2.2] AndroidManifest.xml:13:13-52
51            android:theme="@style/Theme.Transparent.Permission" />
51-->[gun0912.ted:tedpermission:2.2.2] AndroidManifest.xml:14:13-64
52    </application>
53
54</manifest>